<?xml version="1.0" encoding="UTF-8"?>
<!-- Generated by org.testng.reporters.JUnitXMLReporter -->
<testsuite ignored="0" hostname="LTIN674950" failures="0" tests="18" name="US17P4_21_tests" time="34.025" errors="0" timestamp="2026-02-17T12:00:04 IST">
  <testcase classname="insuredge_ankush.US17P4_12_tableDataFormatValidation" name="TC01_ValidateCustomerNameDisplayFormat" time="3.863"/>
  <testcase classname="insuredge_ankush.US17P4_12_tableDataFormatValidation" name="TC02_ValidateMobileNumbersFormat" time="0.395"/>
  <testcase classname="insuredge_ankush.US17P4_12_tableDataFormatValidation" name="TC03_ValidateEmailFormat" time="0.395"/>
  <testcase classname="insuredge_ankush.US17P4_12_tableDataFormatValidation" name="TC04_ValidatePolicyNameDisplayFormat" time="0.559"/>
  <testcase classname="insuredge_ankush.US17P4_12_tableDataFormatValidation" name="TC05_ValidateMainCategoryDisplayFormat" time="0.56"/>
  <testcase classname="insuredge_ankush.US17P4_12_tableDataFormatValidation" name="TC06_ValidateSubCategoryFormat" time="0.458"/>
  <testcase classname="insuredge_ankush.US17P4_12_tableDataFormatValidation" name="TC07_ValidateSumAssuredFormat" time="0.437"/>
  <testcase classname="insuredge_ankush.US17P4_12_tableDataFormatValidation" name="TC08_ValidatePremiumFormat" time="0.428"/>
  <testcase classname="insuredge_ankush.US17P4_12_tableDataFormatValidation" name="TC09_ValidateTenureDisplayFormat" time="0.365"/>
  <testcase classname="insuredge_ankush.US17P4_12_tableDataFormatValidation" name="TC10_ValidateAppliedOnDateFormat" time="0.455"/>
  <testcase classname="insuredge_ankush.US17P4_12_tableDataFormatValidation" name="TC11_ValidateActionsButtonsDisplayFormat" time="1.003"/>
  <testcase classname="insuredge_ankush.US17P4_13_ApproveButtonAction" name="TC01_validateApproveClick" time="0.347"/>
  <testcase classname="insuredge_ankush.US17P4_13_ApproveButtonAction" name="TC02_validateRecordMovesToApproved" time="7.494"/>
  <testcase classname="insuredge_ankush.US17P4_13_ApproveButtonAction" name="TC03_validateApprovalSuccessMessage" time="2.32"/>
  <testcase classname="insuredge_ankush.US17P4_21_filterPopulationLogic" name="tc01_validateDefaultCustomerIsAll" time="0.306"/>
  <testcase classname="insuredge_ankush.US17P4_21_filterPopulationLogic" name="tc02_validateCustomerDropdownUniqueAndRelevant" time="1.393"/>
  <testcase classname="insuredge_ankush.US17P4_21_filterPopulationLogic" name="tc03_validatePolicyNameAlphanumericSearch" time="1.131"/>
  <testcase classname="insuredge_ankush.US17P4_21_filterPopulationLogic" name="tc04_validatePolicyNameSearchSpecialChars_NoResultsThenRestore" time="1.191"/>
</testsuite> <!-- US17P4_21_tests -->
