<?xml version="1.0" encoding="UTF-8"?>
<!-- Generated by org.testng.reporters.JUnitXMLReporter -->
<testsuite ignored="4" hostname="LTIN674950" failures="0" tests="18" name="US17P4_21_tests" time="18.105" errors="0" timestamp="2026-02-17T11:24:04 IST">
  <testcase classname="insuredge_ankush.US17P4_13_ApproveButtonAction" name="@BeforeClass beforeClass" time="0.0">
    <failure type="java.lang.NullPointerException" message="Cannot invoke &amp;quot;org.openqa.selenium.WebDriver.get(String)&amp;quot; because &amp;quot;this.driver&amp;quot; is null">
      <![CDATA[java.lang.NullPointerException: Cannot invoke "org.openqa.selenium.WebDriver.get(String)" because "this.driver" is null
at insuredge_ankush.testBase.launchAndNavigation(testBase.java:100)
at insuredge_ankush.US17P4_13_ApproveButtonAction.beforeClass(US17P4_13_ApproveButtonAction.java:17)
at java.base/java.util.ArrayList.forEach(ArrayList.java:1596)
... Removed 23 stack frames]]>
    </failure>
  </testcase> <!-- @BeforeClass beforeClass -->
  <testcase classname="insuredge_ankush.US17P4_21_filterPopulationLogic" name="@BeforeClass beforeClass" time="0.0">
    <failure type="java.lang.NullPointerException" message="Cannot invoke &amp;quot;org.openqa.selenium.WebDriver.get(String)&amp;quot; because &amp;quot;this.driver&amp;quot; is null">
      <![CDATA[java.lang.NullPointerException: Cannot invoke "org.openqa.selenium.WebDriver.get(String)" because "this.driver" is null
at insuredge_ankush.testBase.launchAndNavigation(testBase.java:100)
at insuredge_ankush.US17P4_21_filterPopulationLogic.beforeClass(US17P4_21_filterPopulationLogic.java:21)
at java.base/java.util.ArrayList.forEach(ArrayList.java:1596)
... Removed 23 stack frames]]>
    </failure>
  </testcase> <!-- @BeforeClass beforeClass -->
  <testcase classname="insuredge_ankush.US17P4_12_tableDataFormatValidation" name="TC01_ValidateCustomerNameDisplayFormat" time="4.118"/>
  <testcase classname="insuredge_ankush.US17P4_12_tableDataFormatValidation" name="TC02_ValidateMobileNumbersFormat" time="0.828"/>
  <testcase classname="insuredge_ankush.US17P4_12_tableDataFormatValidation" name="TC03_ValidateEmailFormat" time="0.739"/>
  <testcase classname="insuredge_ankush.US17P4_12_tableDataFormatValidation" name="TC04_ValidatePolicyNameDisplayFormat" time="0.475"/>
  <testcase classname="insuredge_ankush.US17P4_12_tableDataFormatValidation" name="TC05_ValidateMainCategoryDisplayFormat" time="0.483"/>
  <testcase classname="insuredge_ankush.US17P4_12_tableDataFormatValidation" name="TC06_ValidateSubCategoryFormat" time="0.397"/>
  <testcase classname="insuredge_ankush.US17P4_12_tableDataFormatValidation" name="TC07_ValidateSumAssuredFormat" time="0.451"/>
  <testcase classname="insuredge_ankush.US17P4_12_tableDataFormatValidation" name="TC08_ValidatePremiumFormat" time="0.556"/>
  <testcase classname="insuredge_ankush.US17P4_12_tableDataFormatValidation" name="TC09_ValidateTenureDisplayFormat" time="0.616"/>
  <testcase classname="insuredge_ankush.US17P4_12_tableDataFormatValidation" name="TC10_ValidateAppliedOnDateFormat" time="0.539"/>
  <testcase classname="insuredge_ankush.US17P4_12_tableDataFormatValidation" name="TC11_ValidateActionsButtonsDisplayFormat" time="1.873"/>
  <testcase classname="insuredge_ankush.US17P4_13_ApproveButtonAction" name="TC01_validateApproveClick" time="0.0">
    <skipped/>
  </testcase> <!-- TC01_validateApproveClick -->
  <testcase classname="insuredge_ankush.US17P4_13_ApproveButtonAction" name="TC02_validateRecordMovesToApproved" time="0.0">
    <skipped/>
  </testcase> <!-- TC02_validateRecordMovesToApproved -->
  <testcase classname="insuredge_ankush.US17P4_13_ApproveButtonAction" name="TC03_validateApprovalSuccessMessage" time="0.008">
    <skipped/>
  </testcase> <!-- TC03_validateApprovalSuccessMessage -->
  <testcase classname="insuredge_ankush.US17P4_21_filterPopulationLogic" name="tc01_validateDefaultCustomerIsAll" time="0.0">
    <skipped/>
  </testcase> <!-- tc01_validateDefaultCustomerIsAll -->
  <testcase classname="insuredge_ankush.US17P4_21_filterPopulationLogic" name="tc02_validateCustomerDropdownUniqueAndRelevant" time="0.0">
    <skipped/>
  </testcase> <!-- tc02_validateCustomerDropdownUniqueAndRelevant -->
  <testcase classname="insuredge_ankush.US17P4_21_filterPopulationLogic" name="tc03_validatePolicyNameAlphanumericSearch" time="0.0">
    <skipped/>
  </testcase> <!-- tc03_validatePolicyNameAlphanumericSearch -->
  <testcase classname="insuredge_ankush.US17P4_21_filterPopulationLogic" name="tc04_validatePolicyNameSearchSpecialChars_NoResultsThenRestore" time="0.0">
    <skipped/>
  </testcase> <!-- tc04_validatePolicyNameSearchSpecialChars_NoResultsThenRestore -->
  <testcase classname="insuredge_ankush.testBase" name="@BeforeSuite beforeSuite" time="0.0">
    <ignored/>
  </testcase> <!-- @BeforeSuite beforeSuite -->
  <testcase classname="insuredge_ankush.testBase" name="@AfterSuite afterSuite" time="0.0">
    <ignored/>
  </testcase> <!-- @AfterSuite afterSuite -->
  <testcase classname="insuredge_ankush.testBase" name="@AfterSuite afterSuite" time="0.0">
    <ignored/>
  </testcase> <!-- @AfterSuite afterSuite -->
  <testcase classname="insuredge_ankush.testBase" name="@BeforeSuite beforeSuite" time="0.0">
    <ignored/>
  </testcase> <!-- @BeforeSuite beforeSuite -->
</testsuite> <!-- US17P4_21_tests -->
