<?xml version="1.0" encoding="UTF-8"?>
<testng-results ignored="0" total="18" passed="18" failed="0" skipped="0">
  <reporter-output>
  </reporter-output>
  <suite started-at="2026-02-17T20:44:37 IST" name="ParallelClassSuite" finished-at="2026-02-17T20:44:47 IST" duration-ms="10812">
    <groups>
    </groups>
    <test started-at="2026-02-17T20:44:37 IST" name="US17P4_Parallel_By_Class" finished-at="2026-02-17T20:44:47 IST" duration-ms="10812">
      <class name="insuredge_ankush.US17P4_12_tableDataFormatValidation">
        <test-method is-config="true" signature="beforeSuite()[pri:0, instance:insuredge_ankush.US17P4_12_tableDataFormatValidation@2a5c8d3f]" started-at="2026-02-17T20:44:30 IST" name="beforeSuite" finished-at="2026-02-17T20:44:33 IST" duration-ms="2494" status="PASS">
          <reporter-output>
          </reporter-output>
        </test-method> <!-- beforeSuite -->
        <test-method is-config="true" signature="start()[pri:0, instance:insuredge_ankush.US17P4_12_tableDataFormatValidation@2a5c8d3f]" started-at="2026-02-17T20:44:37 IST" name="start" finished-at="2026-02-17T20:44:39 IST" duration-ms="2817" status="PASS">
          <reporter-output>
          </reporter-output>
        </test-method> <!-- start -->
        <test-method signature="TC01_ValidateCustomerNameDisplayFormat()[pri:1, instance:insuredge_ankush.US17P4_12_tableDataFormatValidation@2a5c8d3f]" started-at="2026-02-17T20:44:39 IST" name="TC01_ValidateCustomerNameDisplayFormat" finished-at="2026-02-17T20:44:41 IST" duration-ms="1897" status="PASS">
          <reporter-output>
          </reporter-output>
        </test-method> <!-- TC01_ValidateCustomerNameDisplayFormat -->
        <test-method signature="TC02_ValidateMobileNumbersFormat()[pri:2, instance:insuredge_ankush.US17P4_12_tableDataFormatValidation@2a5c8d3f]" started-at="2026-02-17T20:44:41 IST" name="TC02_ValidateMobileNumbersFormat" finished-at="2026-02-17T20:44:42 IST" duration-ms="327" status="PASS">
          <reporter-output>
          </reporter-output>
        </test-method> <!-- TC02_ValidateMobileNumbersFormat -->
        <test-method signature="TC03_ValidateEmailFormat()[pri:3, instance:insuredge_ankush.US17P4_12_tableDataFormatValidation@2a5c8d3f]" started-at="2026-02-17T20:44:42 IST" name="TC03_ValidateEmailFormat" finished-at="2026-02-17T20:44:42 IST" duration-ms="502" status="PASS">
          <reporter-output>
          </reporter-output>
        </test-method> <!-- TC03_ValidateEmailFormat -->
        <test-method signature="TC04_ValidatePolicyNameDisplayFormat()[pri:4, instance:insuredge_ankush.US17P4_12_tableDataFormatValidation@2a5c8d3f]" started-at="2026-02-17T20:44:42 IST" name="TC04_ValidatePolicyNameDisplayFormat" finished-at="2026-02-17T20:44:43 IST" duration-ms="301" status="PASS">
          <reporter-output>
          </reporter-output>
        </test-method> <!-- TC04_ValidatePolicyNameDisplayFormat -->
        <test-method signature="TC05_ValidateMainCategoryDisplayFormat()[pri:5, instance:insuredge_ankush.US17P4_12_tableDataFormatValidation@2a5c8d3f]" started-at="2026-02-17T20:44:43 IST" name="TC05_ValidateMainCategoryDisplayFormat" finished-at="2026-02-17T20:44:43 IST" duration-ms="281" status="PASS">
          <reporter-output>
          </reporter-output>
        </test-method> <!-- TC05_ValidateMainCategoryDisplayFormat -->
        <test-method signature="TC06_ValidateSubCategoryFormat()[pri:6, instance:insuredge_ankush.US17P4_12_tableDataFormatValidation@2a5c8d3f]" started-at="2026-02-17T20:44:43 IST" name="TC06_ValidateSubCategoryFormat" finished-at="2026-02-17T20:44:43 IST" duration-ms="307" status="PASS">
          <reporter-output>
          </reporter-output>
        </test-method> <!-- TC06_ValidateSubCategoryFormat -->
        <test-method signature="TC07_ValidateSumAssuredFormat()[pri:7, instance:insuredge_ankush.US17P4_12_tableDataFormatValidation@2a5c8d3f]" started-at="2026-02-17T20:44:43 IST" name="TC07_ValidateSumAssuredFormat" finished-at="2026-02-17T20:44:43 IST" duration-ms="347" status="PASS">
          <reporter-output>
          </reporter-output>
        </test-method> <!-- TC07_ValidateSumAssuredFormat -->
        <test-method signature="TC08_ValidatePremiumFormat()[pri:8, instance:insuredge_ankush.US17P4_12_tableDataFormatValidation@2a5c8d3f]" started-at="2026-02-17T20:44:43 IST" name="TC08_ValidatePremiumFormat" finished-at="2026-02-17T20:44:44 IST" duration-ms="356" status="PASS">
          <reporter-output>
          </reporter-output>
        </test-method> <!-- TC08_ValidatePremiumFormat -->
        <test-method signature="TC09_ValidateTenureDisplayFormat()[pri:9, instance:insuredge_ankush.US17P4_12_tableDataFormatValidation@2a5c8d3f]" started-at="2026-02-17T20:44:44 IST" name="TC09_ValidateTenureDisplayFormat" finished-at="2026-02-17T20:44:44 IST" duration-ms="464" status="PASS">
          <reporter-output>
          </reporter-output>
        </test-method> <!-- TC09_ValidateTenureDisplayFormat -->
        <test-method signature="TC10_ValidateAppliedOnDateFormat()[pri:10, instance:insuredge_ankush.US17P4_12_tableDataFormatValidation@2a5c8d3f]" started-at="2026-02-17T20:44:44 IST" name="TC10_ValidateAppliedOnDateFormat" finished-at="2026-02-17T20:44:45 IST" duration-ms="384" status="PASS">
          <reporter-output>
          </reporter-output>
        </test-method> <!-- TC10_ValidateAppliedOnDateFormat -->
        <test-method signature="TC11_ValidateActionsButtonsDisplayFormat()[pri:11, instance:insuredge_ankush.US17P4_12_tableDataFormatValidation@2a5c8d3f]" started-at="2026-02-17T20:44:45 IST" name="TC11_ValidateActionsButtonsDisplayFormat" finished-at="2026-02-17T20:44:45 IST" duration-ms="658" status="PASS">
          <reporter-output>
          </reporter-output>
        </test-method> <!-- TC11_ValidateActionsButtonsDisplayFormat -->
        <test-method is-config="true" signature="afterSuite()[pri:0, instance:insuredge_ankush.US17P4_12_tableDataFormatValidation@2a5c8d3f]" started-at="2026-02-17T20:44:47 IST" name="afterSuite" finished-at="2026-02-17T20:44:50 IST" duration-ms="2956" status="PASS">
          <reporter-output>
          </reporter-output>
        </test-method> <!-- afterSuite -->
      </class> <!-- insuredge_ankush.US17P4_12_tableDataFormatValidation -->
      <class name="insuredge_ankush.US17P4_13_ApproveButtonAction">
        <test-method is-config="true" signature="beforeSuite()[pri:0, instance:insuredge_ankush.US17P4_13_ApproveButtonAction@710f4dc7]" started-at="2026-02-17T20:44:33 IST" name="beforeSuite" finished-at="2026-02-17T20:44:35 IST" duration-ms="2146" status="PASS">
          <reporter-output>
          </reporter-output>
        </test-method> <!-- beforeSuite -->
        <test-method is-config="true" signature="start()[pri:0, instance:insuredge_ankush.US17P4_13_ApproveButtonAction@710f4dc7]" started-at="2026-02-17T20:44:37 IST" name="start" finished-at="2026-02-17T20:44:39 IST" duration-ms="2803" status="PASS">
          <reporter-output>
          </reporter-output>
        </test-method> <!-- start -->
        <test-method signature="TC01_validateApproveClick()[pri:1, instance:insuredge_ankush.US17P4_13_ApproveButtonAction@710f4dc7]" started-at="2026-02-17T20:44:39 IST" name="TC01_validateApproveClick" finished-at="2026-02-17T20:44:40 IST" duration-ms="361" status="PASS">
          <reporter-output>
          </reporter-output>
        </test-method> <!-- TC01_validateApproveClick -->
        <test-method signature="TC02_validateRecordMovesToApproved()[pri:2, instance:insuredge_ankush.US17P4_13_ApproveButtonAction@710f4dc7]" started-at="2026-02-17T20:44:40 IST" name="TC02_validateRecordMovesToApproved" finished-at="2026-02-17T20:44:46 IST" duration-ms="5868" status="PASS">
          <reporter-output>
          </reporter-output>
        </test-method> <!-- TC02_validateRecordMovesToApproved -->
        <test-method signature="TC03_validateApprovalSuccessMessage()[pri:3, instance:insuredge_ankush.US17P4_13_ApproveButtonAction@710f4dc7]" started-at="2026-02-17T20:44:46 IST" name="TC03_validateApprovalSuccessMessage" finished-at="2026-02-17T20:44:47 IST" duration-ms="1716" status="PASS">
          <reporter-output>
          </reporter-output>
        </test-method> <!-- TC03_validateApprovalSuccessMessage -->
        <test-method is-config="true" signature="afterSuite()[pri:0, instance:insuredge_ankush.US17P4_13_ApproveButtonAction@710f4dc7]" started-at="2026-02-17T20:44:50 IST" name="afterSuite" finished-at="2026-02-17T20:44:55 IST" duration-ms="4465" status="PASS">
          <reporter-output>
          </reporter-output>
        </test-method> <!-- afterSuite -->
      </class> <!-- insuredge_ankush.US17P4_13_ApproveButtonAction -->
      <class name="insuredge_ankush.US17P4_21_filterPopulationLogic">
        <test-method is-config="true" signature="beforeSuite()[pri:0, instance:insuredge_ankush.US17P4_21_filterPopulationLogic@1ff4931d]" started-at="2026-02-17T20:44:35 IST" name="beforeSuite" finished-at="2026-02-17T20:44:37 IST" duration-ms="1795" status="PASS">
          <reporter-output>
          </reporter-output>
        </test-method> <!-- beforeSuite -->
        <test-method is-config="true" signature="beforeClass()[pri:0, instance:insuredge_ankush.US17P4_21_filterPopulationLogic@1ff4931d]" started-at="2026-02-17T20:44:37 IST" name="beforeClass" finished-at="2026-02-17T20:44:40 IST" duration-ms="2988" status="PASS">
          <reporter-output>
          </reporter-output>
        </test-method> <!-- beforeClass -->
        <test-method signature="tc01_validateDefaultCustomerIsAll()[pri:1, instance:insuredge_ankush.US17P4_21_filterPopulationLogic@1ff4931d]" started-at="2026-02-17T20:44:40 IST" name="tc01_validateDefaultCustomerIsAll" finished-at="2026-02-17T20:44:40 IST" duration-ms="107" status="PASS">
          <reporter-output>
          </reporter-output>
        </test-method> <!-- tc01_validateDefaultCustomerIsAll -->
        <test-method signature="tc02_validateCustomerDropdownUniqueAndRelevant()[pri:2, instance:insuredge_ankush.US17P4_21_filterPopulationLogic@1ff4931d]" started-at="2026-02-17T20:44:40 IST" name="tc02_validateCustomerDropdownUniqueAndRelevant" finished-at="2026-02-17T20:44:40 IST" duration-ms="464" status="PASS">
          <reporter-output>
          </reporter-output>
        </test-method> <!-- tc02_validateCustomerDropdownUniqueAndRelevant -->
        <test-method signature="tc03_validatePolicyNameAlphanumericSearch()[pri:3, instance:insuredge_ankush.US17P4_21_filterPopulationLogic@1ff4931d]" started-at="2026-02-17T20:44:40 IST" name="tc03_validatePolicyNameAlphanumericSearch" finished-at="2026-02-17T20:44:41 IST" duration-ms="296" status="PASS">
          <reporter-output>
          </reporter-output>
        </test-method> <!-- tc03_validatePolicyNameAlphanumericSearch -->
        <test-method signature="tc04_validatePolicyNameSearchSpecialChars_NoResultsThenRestore()[pri:4, instance:insuredge_ankush.US17P4_21_filterPopulationLogic@1ff4931d]" started-at="2026-02-17T20:44:41 IST" name="tc04_validatePolicyNameSearchSpecialChars_NoResultsThenRestore" finished-at="2026-02-17T20:44:41 IST" duration-ms="339" status="PASS">
          <reporter-output>
          </reporter-output>
        </test-method> <!-- tc04_validatePolicyNameSearchSpecialChars_NoResultsThenRestore -->
        <test-method is-config="true" signature="afterSuite()[pri:0, instance:insuredge_ankush.US17P4_21_filterPopulationLogic@1ff4931d]" started-at="2026-02-17T20:44:55 IST" name="afterSuite" finished-at="2026-02-17T20:44:59 IST" duration-ms="4447" status="PASS">
          <reporter-output>
          </reporter-output>
        </test-method> <!-- afterSuite -->
      </class> <!-- insuredge_ankush.US17P4_21_filterPopulationLogic -->
    </test> <!-- US17P4_Parallel_By_Class -->
  </suite> <!-- ParallelClassSuite -->
</testng-results>
