<?xml version="1.0" encoding="UTF-8"?>
<!-- Generated by org.testng.reporters.JUnitXMLReporter -->
<testsuite ignored="0" hostname="LTIN674950" failures="0" tests="4" name="US17P4_Parallel_By_Class" time="11.535" errors="0" timestamp="2026-02-17T14:11:32 IST">
  <testcase classname="insuredge_ankush.US17P4_21_filterPopulationLogic" name="tc01_validateDefaultCustomerIsAll" time="0.351"/>
  <testcase classname="insuredge_ankush.US17P4_21_filterPopulationLogic" name="tc02_validateCustomerDropdownUniqueAndRelevant" time="1.427"/>
  <testcase classname="insuredge_ankush.US17P4_21_filterPopulationLogic" name="tc03_validatePolicyNameAlphanumericSearch" time="1.24"/>
  <testcase classname="insuredge_ankush.US17P4_21_filterPopulationLogic" name="tc04_validatePolicyNameSearchSpecialChars_NoResultsThenRestore" time="0.846"/>
</testsuite> <!-- US17P4_Parallel_By_Class -->
