<?xml version="1.0" encoding="UTF-8"?>
<!-- Generated by org.testng.reporters.JUnitReportReporter -->
<testsuite hostname="LTIN674950" failures="0" tests="11" name="insuredge_ankush.US17P4_12_tableDataFormatValidation" time="6.738" errors="0" timestamp="2026-02-17T18:01:50 IST" skipped="0">
  <testcase classname="insuredge_ankush.US17P4_12_tableDataFormatValidation" name="TC01_ValidateCustomerNameDisplayFormat" time="2.198"/>
  <testcase classname="insuredge_ankush.US17P4_12_tableDataFormatValidation" name="TC02_ValidateMobileNumbersFormat" time="0.505"/>
  <testcase classname="insuredge_ankush.US17P4_12_tableDataFormatValidation" name="TC03_ValidateEmailFormat" time="0.555"/>
  <testcase classname="insuredge_ankush.US17P4_12_tableDataFormatValidation" name="TC04_ValidatePolicyNameDisplayFormat" time="0.480"/>
  <testcase classname="insuredge_ankush.US17P4_12_tableDataFormatValidation" name="TC05_ValidateMainCategoryDisplayFormat" time="0.325"/>
  <testcase classname="insuredge_ankush.US17P4_12_tableDataFormatValidation" name="TC06_ValidateSubCategoryFormat" time="0.359"/>
  <testcase classname="insuredge_ankush.US17P4_12_tableDataFormatValidation" name="TC07_ValidateSumAssuredFormat" time="0.216"/>
  <testcase classname="insuredge_ankush.US17P4_12_tableDataFormatValidation" name="TC08_ValidatePremiumFormat" time="0.457"/>
  <testcase classname="insuredge_ankush.US17P4_12_tableDataFormatValidation" name="TC09_ValidateTenureDisplayFormat" time="0.336"/>
  <testcase classname="insuredge_ankush.US17P4_12_tableDataFormatValidation" name="TC10_ValidateAppliedOnDateFormat" time="0.385"/>
  <testcase classname="insuredge_ankush.US17P4_12_tableDataFormatValidation" name="TC11_ValidateActionsButtonsDisplayFormat" time="0.922"/>
</testsuite> <!-- insuredge_ankush.US17P4_12_tableDataFormatValidation -->
