<?xml version="1.0" encoding="UTF-8"?>
<!-- Generated by org.testng.reporters.JUnitReportReporter -->
<testsuite hostname="LTIN674950" failures="0" tests="4" name="insuredge_ankush.US17P4_21_filterPopulationLogic" time="3.660" errors="0" timestamp="2026-02-17T14:45:42 IST" skipped="0">
  <testcase classname="insuredge_ankush.US17P4_21_filterPopulationLogic" name="tc01_validateDefaultCustomerIsAll" time="0.281"/>
  <testcase classname="insuredge_ankush.US17P4_21_filterPopulationLogic" name="tc02_validateCustomerDropdownUniqueAndRelevant" time="1.529"/>
  <testcase classname="insuredge_ankush.US17P4_21_filterPopulationLogic" name="tc03_validatePolicyNameAlphanumericSearch" time="0.800"/>
  <testcase classname="insuredge_ankush.US17P4_21_filterPopulationLogic" name="tc04_validatePolicyNameSearchSpecialChars_NoResultsThenRestore" time="1.050"/>
</testsuite> <!-- insuredge_ankush.US17P4_21_filterPopulationLogic -->
