<?xml version="1.0" encoding="UTF-8"?>
<!-- Generated by org.testng.reporters.JUnitReportReporter -->
<testsuite hostname="LTIN674950" failures="0" tests="3" name="insuredge_ankush.US17P4_13_ApproveButtonAction" time="7.648" errors="0" timestamp="2026-02-17T20:47:44 IST" skipped="0">
  <testcase classname="insuredge_ankush.US17P4_13_ApproveButtonAction" name="TC01_validateApproveClick" time="0.332"/>
  <testcase classname="insuredge_ankush.US17P4_13_ApproveButtonAction" name="TC02_validateRecordMovesToApproved" time="5.735"/>
  <testcase classname="insuredge_ankush.US17P4_13_ApproveButtonAction" name="TC03_validateApprovalSuccessMessage" time="1.581"/>
</testsuite> <!-- insuredge_ankush.US17P4_13_ApproveButtonAction -->
