<?xml version="1.0" encoding="UTF-8"?>
<!-- Generated by org.testng.reporters.JUnitReportReporter -->
<testsuite hostname="LTIN674950" failures="0" tests="3" name="insuredge_ankush.US17P4_13_ApproveButtonAction" time="12.112" errors="0" timestamp="2026-02-17T12:12:11 IST" skipped="0">
  <testcase classname="insuredge_ankush.US17P4_13_ApproveButtonAction" name="TC01_validateApproveClick" time="0.804"/>
  <testcase classname="insuredge_ankush.US17P4_13_ApproveButtonAction" name="TC02_validateRecordMovesToApproved" time="9.059"/>
  <testcase classname="insuredge_ankush.US17P4_13_ApproveButtonAction" name="TC03_validateApprovalSuccessMessage" time="2.249"/>
</testsuite> <!-- insuredge_ankush.US17P4_13_ApproveButtonAction -->
